<?xml version="1.0" encoding="UTF-8"?>
<testsuite name="com.pisces.study.common.CommonTests" tests="1" skipped="0" failures="0" errors="0" timestamp="2017-01-21T09:26:53" hostname="cielleech-PC" time="0.001">
  <properties/>
  <testcase name="printTest" classname="com.pisces.study.common.CommonTests" time="0.001"/>
  <system-out><![CDATA[Hello world!
]]></system-out>
  <system-err><![CDATA[]]></system-err>
</testsuite>
